Arguments: 
  /Users/chentao/.nvm/versions/node/v16.15.1/bin/node /Users/chentao/.node/corepack/yarn/1.22.15/bin/yarn.js publish

PATH: 
  /Users/chentao/.nvm/versions/node/v16.15.1/bin:/opt/homebrew/bin:/opt/homebrew/sbin:/usr/local/bin:/usr/bin:/bin:/usr/sbin:/sbin:/usr/local/go/bin:/usr/local/MacGPG2/bin:/usr/local/share/dotnet:~/.dotnet/tools:/Library/Apple/usr/bin:/Library/Frameworks/Mono.framework/Versions/Current/Commands:/opt/homebrew/bin:/opt/homebrew/sbin:/Users/chentao/.cargo/bin:/Users/chentao/tools/apache-maven-3.8.6/bin

Yarn version: 
  1.22.15

Node version: 
  16.15.1

Platform: 
  darwin arm64

Trace: 
  Error: https://registry.yarnpkg.com/-/user/org.couchdb.user:babyfish-ct: failed to authenticate: Could not authenticate babyfish-ct: bad password
      at Request.params.callback [as _callback] (/Users/chentao/.node/corepack/yarn/1.22.15/lib/cli.js:66140:18)
      at Request.self.callback (/Users/chentao/.node/corepack/yarn/1.22.15/lib/cli.js:140885:22)
      at Request.emit (node:events:527:28)
      at Request.<anonymous> (/Users/chentao/.node/corepack/yarn/1.22.15/lib/cli.js:141857:10)
      at Request.emit (node:events:527:28)
      at IncomingMessage.<anonymous> (/Users/chentao/.node/corepack/yarn/1.22.15/lib/cli.js:141779:12)
      at Object.onceWrapper (node:events:641:28)
      at IncomingMessage.emit (node:events:539:35)
      at endReadableNT (node:internal/streams/readable:1345:12)
      at processTicksAndRejections (node:internal/process/task_queues:83:21)

npm manifest: 
  {
    "name": "graphql-ts-client-codegen",
    "version": "3.1.1",
    "description": "A tool to generate strong type client code by GraphQL schema",
    "author": "ChenTao",
    "license": "MIT",
    "dependencies": {
      "@types/node": "^15.12.2",
      "@types/node-fetch": "^2.5.10",
      "graphql": "^15.5.1",
      "node-fetch": "^2.6.1",
      "typescript": "^4.3.2"
    },
    "main": "dist/index.js",
    "repository": "https://github.com/babyfish-ct/graphql-ts-client",
    "types": "dist/index.d.ts",
    "files": [
      "/dist"
    ]
  }

yarn manifest: 
  No manifest

Lockfile: 
  # THIS IS AN AUTOGENERATED FILE. DO NOT EDIT THIS FILE DIRECTLY.
  # yarn lockfile v1
  
  
  "@types/node-fetch@^2.5.10":
    version "2.5.10"
    resolved "https://registry.nlark.com/@types/node-fetch/download/@types/node-fetch-2.5.10.tgz?cache=0&sync_timestamp=1621242066206&other_urls=https%3A%2F%2Fregistry.nlark.com%2F%40types%2Fnode-fetch%2Fdownload%2F%40types%2Fnode-fetch-2.5.10.tgz#9b4d4a0425562f9fcea70b12cb3fcdd946ca8132"
    integrity sha1-m01KBCVWL5/OpwsSyz/N2UbKgTI=
    dependencies:
      "@types/node" "*"
      form-data "^3.0.0"
  
  "@types/node@*":
    version "15.12.4"
    resolved "https://registry.nlark.com/@types/node/download/@types/node-15.12.4.tgz#e1cf817d70a1e118e81922c4ff6683ce9d422e26"
    integrity sha1-4c+BfXCh4RjoGSLE/2aDzp1CLiY=
  
  "@types/node@^15.12.2":
    version "15.12.2"
    resolved "https://registry.nlark.com/@types/node/download/@types/node-15.12.2.tgz#1f2b42c4be7156ff4a6f914b2fb03d05fa84e38d"
    integrity sha1-HytCxL5xVv9Kb5FLL7A9BfqE440=
  
  asynckit@^0.4.0:
    version "0.4.0"
    resolved "https://registry.npm.taobao.org/asynckit/download/asynckit-0.4.0.tgz#c79ed97f7f34cb8f2ba1bc9790bcc366474b4b79"
    integrity sha1-x57Zf380y48robyXkLzDZkdLS3k=
  
  combined-stream@^1.0.8:
    version "1.0.8"
    resolved "https://registry.npm.taobao.org/combined-stream/download/combined-stream-1.0.8.tgz#c3d45a8b34fd730631a110a8a2520682b31d5a7f"
    integrity sha1-w9RaizT9cwYxoRCoolIGgrMdWn8=
    dependencies:
      delayed-stream "~1.0.0"
  
  delayed-stream@~1.0.0:
    version "1.0.0"
    resolved "https://registry.npm.taobao.org/delayed-stream/download/delayed-stream-1.0.0.tgz#df3ae199acadfb7d440aaae0b29e2272b24ec619"
    integrity sha1-3zrhmayt+31ECqrgsp4icrJOxhk=
  
  form-data@^3.0.0:
    version "3.0.1"
    resolved "https://registry.npm.taobao.org/form-data/download/form-data-3.0.1.tgz?cache=0&sync_timestamp=1613410812604&other_urls=https%3A%2F%2Fregistry.npm.taobao.org%2Fform-data%2Fdownload%2Fform-data-3.0.1.tgz#ebd53791b78356a99af9a300d4282c4d5eb9755f"
    integrity sha1-69U3kbeDVqma+aMA1CgsTV65dV8=
    dependencies:
      asynckit "^0.4.0"
      combined-stream "^1.0.8"
      mime-types "^2.1.12"
  
  graphql@^15.5.1:
    version "15.5.1"
    resolved "https://registry.yarnpkg.com/graphql/-/graphql-15.5.1.tgz#f2f84415d8985e7b84731e7f3536f8bb9d383aad"
    integrity sha512-FeTRX67T3LoE3LWAxxOlW2K3Bz+rMYAC18rRguK4wgXaTZMiJwSUwDmPFo3UadAKbzirKIg5Qy+sNJXbpPRnQw==
  
  mime-db@1.48.0:
    version "1.48.0"
    resolved "https://registry.nlark.com/mime-db/download/mime-db-1.48.0.tgz#e35b31045dd7eada3aaad537ed88a33afbef2d1d"
    integrity sha1-41sxBF3X6to6qtU37YijOvvvLR0=
  
  mime-types@^2.1.12:
    version "2.1.31"
    resolved "https://registry.nlark.com/mime-types/download/mime-types-2.1.31.tgz?cache=0&sync_timestamp=1622570117952&other_urls=https%3A%2F%2Fregistry.nlark.com%2Fmime-types%2Fdownload%2Fmime-types-2.1.31.tgz#a00d76b74317c61f9c2db2218b8e9f8e9c5c9e6b"
    integrity sha1-oA12t0MXxh+cLbIhi46fjpxcnms=
    dependencies:
      mime-db "1.48.0"
  
  node-fetch@^2.6.1:
    version "2.6.1"
    resolved "https://registry.npm.taobao.org/node-fetch/download/node-fetch-2.6.1.tgz?cache=0&sync_timestamp=1599309667528&other_urls=https%3A%2F%2Fregistry.npm.taobao.org%2Fnode-fetch%2Fdownload%2Fnode-fetch-2.6.1.tgz#045bd323631f76ed2e2b55573394416b639a0052"
    integrity sha1-BFvTI2Mfdu0uK1VXM5RBa2OaAFI=
  
  typescript@^4.3.2:
    version "4.3.2"
    resolved "https://registry.nlark.com/typescript/download/typescript-4.3.2.tgz#399ab18aac45802d6f2498de5054fcbbe716a805"
    integrity sha1-OZqxiqxFgC1vJJjeUFT8u+cWqAU=
